SF:lib\ui\app\app_widget.dart
DA:10,1
DA:11,1
DA:13,1
DA:16,1
DA:17,1
DA:21,1
DA:22,1
DA:23,1
DA:24,1
LF:9
LH:9
end_of_record
SF:lib\core\network\dio_client.dart
DA:7,3
DA:8,2
DA:11,1
DA:12,2
DA:13,1
DA:15,1
DA:16,1
DA:20,3
DA:21,1
DA:22,0
DA:23,0
DA:24,0
DA:25,0
DA:27,0
DA:30,0
DA:31,0
LF:16
LH:9
end_of_record
SF:lib\ui\login\view_models\auth_viewmodel.dart
DA:8,0
DA:10,1
DA:12,0
DA:14,0
DA:15,0
DA:16,0
DA:17,0
DA:18,0
DA:20,0
DA:29,0
DA:33,0
DA:34,0
DA:37,0
DA:38,0
DA:41,0
LF:15
LH:1
end_of_record
SF:lib\data\datasources\auth_datasource.dart
DA:6,0
DA:7,0
DA:11,0
LF:3
LH:0
end_of_record
SF:lib\data\datasources\person_datasource.dart
DA:6,0
DA:7,0
DA:8,0
LF:3
LH:0
end_of_record
SF:lib\data\datasources\scheduling_datasource.dart
DA:7,0
DA:8,0
DA:9,0
DA:12,0
DA:13,0
DA:14,0
DA:15,0
DA:16,0
DA:17,0
DA:19,0
DA:22,0
DA:23,0
LF:12
LH:0
end_of_record
SF:lib\domain\entities\scheduling.dart
DA:11,0
DA:21,0
DA:22,0
DA:23,0
DA:24,0
DA:25,0
DA:26,0
DA:27,0
DA:31,0
DA:32,0
DA:33,0
DA:34,0
DA:35,0
DA:36,0
DA:37,0
DA:41,0
DA:43,0
LF:17
LH:0
end_of_record
SF:lib\data\repositories\auth_repository.dart
DA:7,0
DA:8,0
DA:9,0
LF:3
LH:0
end_of_record
SF:lib\data\repositories\person_repository.dart
DA:7,0
DA:8,0
DA:9,0
DA:12,0
DA:15,0
DA:16,0
LF:6
LH:0
end_of_record
SF:lib\domain\entities\person.dart
DA:17,0
DA:30,0
DA:31,0
DA:32,0
DA:33,0
DA:34,0
DA:35,0
DA:36,0
DA:37,0
DA:38,0
DA:39,0
DA:40,0
DA:44,0
DA:45,0
DA:46,0
DA:47,0
DA:48,0
DA:49,0
DA:50,0
DA:51,0
DA:52,0
DA:53,0
DA:54,0
DA:58,0
DA:60,0
LF:25
LH:0
end_of_record
SF:lib\data\repositories\scheduling_repository.dart
DA:7,0
DA:8,0
DA:9,0
DA:12,0
DA:15,0
DA:16,0
DA:22,0
DA:23,0
DA:29,0
DA:32,0
DA:33,0
LF:11
LH:0
end_of_record
SF:lib\domain\entities\employee_data.dart
DA:12,0
DA:23,0
DA:24,0
DA:25,0
DA:26,0
DA:27,0
DA:28,0
DA:29,0
DA:30,0
DA:34,0
DA:35,0
DA:36,0
DA:37,0
DA:38,0
DA:39,0
DA:40,0
DA:41,0
DA:45,0
DA:47,0
LF:19
LH:0
end_of_record
SF:lib\domain\entities\scheduling_item.dart
DA:12,0
DA:20,0
DA:21,0
DA:22,0
DA:23,0
DA:24,0
DA:28,0
DA:29,0
DA:30,0
DA:31,0
DA:32,0
DA:36,0
DA:38,0
LF:13
LH:0
end_of_record
SF:lib\ui\login\pages\login_page.dart
DA:8,1
DA:10,1
DA:11,1
DA:19,1
DA:21,1
DA:22,3
DA:25,1
DA:27,1
DA:30,1
DA:38,1
DA:39,1
DA:41,1
DA:42,1
DA:43,3
DA:45,1
DA:46,1
DA:48,1
DA:50,1
DA:52,1
DA:55,0
DA:56,1
DA:59,1
DA:62,0
DA:63,1
DA:67,1
DA:70,1
DA:71,0
DA:72,0
DA:73,0
DA:74,0
DA:76,0
DA:77,0
DA:80,1
DA:82,1
DA:83,1
DA:103,1
DA:110,1
DA:115,1
DA:118,1
DA:121,1
DA:122,1
LF:41
LH:33
end_of_record
SF:lib\ui\scheduling\pages\schedulingcreate_page.dart
DA:9,1
DA:11,0
DA:12,0
DA:25,0
DA:27,0
DA:28,0
DA:29,0
DA:30,0
DA:32,0
DA:35,0
DA:36,0
DA:37,0
DA:38,0
DA:41,0
DA:43,0
DA:44,0
DA:45,0
DA:53,0
DA:54,0
DA:55,0
DA:57,0
DA:58,0
DA:63,0
DA:64,0
DA:65,0
DA:68,0
DA:69,0
DA:70,0
DA:72,0
DA:74,0
DA:75,0
DA:77,0
DA:79,0
DA:82,0
DA:84,0
DA:86,0
DA:89,0
DA:90,0
DA:91,0
DA:93,0
DA:94,0
DA:98,0
DA:99,0
DA:101,0
DA:104,0
DA:105,0
DA:106,0
DA:110,0
DA:111,0
DA:112,0
DA:114,0
DA:115,0
DA:119,0
DA:120,0
DA:122,0
DA:125,0
DA:126,0
DA:127,0
DA:131,0
DA:132,0
DA:133,0
DA:135,0
DA:136,0
DA:139,0
DA:153,0
DA:159,0
DA:160,0
DA:164,0
DA:165,0
DA:166,0
DA:167,0
DA:169,0
DA:170,0
DA:171,0
DA:173,0
DA:177,0
DA:178,0
DA:179,0
DA:184,0
DA:185,0
DA:186,0
DA:187,0
DA:188,0
DA:189,0
DA:193,0
DA:194,0
DA:199,0
DA:202,0
DA:203,0
DA:206,0
DA:207,0
DA:208,0
DA:209,0
DA:210,0
DA:211,0
DA:220,0
DA:221,0
DA:223,0
DA:224,0
DA:225,0
DA:226,0
DA:229,0
LF:102
LH:1
end_of_record
SF:lib\ui\scheduling\pages\schedulinghome_page.dart
DA:12,1
DA:14,0
DA:15,0
DA:21,0
DA:23,0
DA:24,0
DA:25,0
DA:26,0
DA:28,0
DA:31,0
DA:32,0
DA:33,0
DA:34,0
DA:37,0
DA:39,0
DA:40,0
DA:48,0
DA:49,0
DA:50,0
DA:53,0
DA:55,0
DA:56,0
DA:57,0
DA:61,0
DA:62,0
DA:68,0
DA:69,0
LF:27
LH:1
end_of_record
SF:lib\ui\scheduling\view_models\schedulingviewmodel.dart
DA:15,0
DA:16,0
DA:17,0
DA:20,0
DA:22,0
DA:27,0
DA:29,0
DA:30,0
DA:31,0
DA:32,0
DA:34,0
DA:36,0
DA:46,0
DA:48,0
DA:49,0
DA:50,0
DA:51,0
DA:53,0
DA:65,0
DA:67,0
DA:68,0
DA:69,0
DA:70,0
DA:71,0
DA:72,0
DA:75,0
DA:76,0
DA:85,0
DA:86,0
DA:88,0
DA:90,0
DA:91,0
DA:93,0
DA:99,0
DA:101,0
DA:102,0
DA:107,0
LF:37
LH:0
end_of_record
SF:lib\ui\scheduling\widgets\scheduling_drawer.dart
DA:6,0
DA:8,0
DA:10,0
DA:11,0
DA:12,0
DA:23,0
DA:26,0
DA:29,0
DA:35,0
LF:9
LH:0
end_of_record
SF:lib\ui\scheduling\widgets\scheduling_list.dart
DA:8,0
DA:14,0
DA:16,0
DA:17,0
DA:18,0
DA:19,0
DA:31,0
DA:32,0
DA:33,0
DA:34,0
DA:35,0
DA:38,0
DA:39,0
DA:42,0
DA:47,0
DA:48,0
DA:51,0
DA:52,0
DA:53,0
DA:54,0
DA:64,0
DA:65,0
LF:22
LH:0
end_of_record
